<?xml version="1.0" encoding="UTF-8"?>
<!-- Generated by org.testng.reporters.JUnitReportReporter -->
<testsuite hostname="srt-187" name="com.yanxiu.test.TestLogin" tests="5" failures="0" timestamp="23 Sep 2016 05:34:09 GMT" time="0.023" errors="0">
  <testcase name="testLogin" time="0.003" classname="com.yanxiu.test.TestLogin"/>
  <testcase name="testLogin" time="0.011" classname="com.yanxiu.test.TestLogin"/>
  <testcase name="testLogin" time="0.002" classname="com.yanxiu.test.TestLogin"/>
  <testcase name="testLogin" time="0.003" classname="com.yanxiu.test.TestLogin"/>
  <testcase name="testLogin" time="0.004" classname="com.yanxiu.test.TestLogin"/>
</testsuite> <!-- com.yanxiu.test.TestLogin -->
