<?xml version="1.0" encoding="UTF-8"?>
<!-- Generated by org.testng.reporters.JUnitReportReporter -->
<testsuite hostname="srt-187" name="com.yanxiu.test.TestTrainList" tests="2" failures="0" timestamp="26 Sep 2016 10:07:12 GMT" time="0.197" errors="0">
  <testcase name="testTrainList" time="0.131" classname="com.yanxiu.test.TestTrainList"/>
  <testcase name="testTrainList" time="0.066" classname="com.yanxiu.test.TestTrainList"/>
</testsuite> <!-- com.yanxiu.test.TestTrainList -->
