<?xml version="1.0" encoding="UTF-8"?>
<!-- Generated by org.testng.reporters.JUnitReportReporter -->
<testsuite hostname="srt-187" name="com.yanxiu.test.TestTrainList" tests="2" failures="0" timestamp="26 Sep 2016 08:38:35 GMT" time="0.119" errors="0">
  <testcase name="testTrainList" time="0.039" classname="com.yanxiu.test.TestTrainList"/>
  <testcase name="testTrainList" time="0.080" classname="com.yanxiu.test.TestTrainList"/>
</testsuite> <!-- com.yanxiu.test.TestTrainList -->
